<?xml version="1.0" encoding="UTF-8"?>
<testsuite name="PetResourceTest" tests="4" skipped="0" failures="0" errors="0" timestamp="2021-11-19T09:05:31" hostname="DESKTOP-F24K9MN" time="1.505">
  <properties/>
  <testcase name="testPetAddEndpoint()" classname="PetResourceTest" time="1.384"/>
  <testcase name="testPetUpdateEndpoint()" classname="PetResourceTest" time="0.071"/>
  <testcase name="testPetEndpoint()" classname="PetResourceTest" time="0.015"/>
  <testcase name="testPetDeleteEndpoint()" classname="PetResourceTest" time="0.032"/>
  <system-out><![CDATA[]]></system-out>
  <system-err><![CDATA[Nov 19, 2021 2:35:29 PM org.jboss.threads.Version <clinit>
INFO: JBoss Threads version 3.1.1.Final
Nov 19, 2021 2:35:31 PM org.jboss.resteasy.core.ResteasyDeploymentImpl processApplication
INFO: RESTEASY002225: Deploying javax.ws.rs.core.Application: class com.microprofile.petstore.PetstoreRestApplication
Nov 19, 2021 2:35:31 PM org.jboss.threads.Version <clinit>
INFO: JBoss Threads version 3.1.1.Final
Nov 19, 2021 2:35:31 PM io.quarkus.bootstrap.runner.Timing printStartupTime
INFO: Quarkus 1.7.6.Final on JVM started in 2.999s. Listening on: http://0.0.0.0:8081
Nov 19, 2021 2:35:31 PM io.quarkus.bootstrap.runner.Timing printStartupTime
INFO: Profile test activated. 
Nov 19, 2021 2:35:31 PM io.quarkus.bootstrap.runner.Timing printStartupTime
INFO: Installed features: [cdi, jaeger, mutiny, rest-client, resteasy, resteasy-jsonb, security, smallrye-context-propagation, smallrye-fault-tolerance, smallrye-health, smallrye-jwt, smallrye-metrics, smallrye-openapi, smallrye-opentracing, swagger-ui, vertx, vertx-web]
]]></system-err>
</testsuite>
