<?xml version="1.0" encoding="UTF-8"?>
<testsuite name="PetTypeResourceTest" tests="4" skipped="0" failures="0" errors="0" timestamp="2021-11-19T09:05:26" hostname="DESKTOP-F24K9MN" time="2.427">
  <properties/>
  <testcase name="testPetTypeDeleteEndpoint()" classname="PetTypeResourceTest" time="1.685"/>
  <testcase name="testPetTypeAddEndpoint()" classname="PetTypeResourceTest" time="0.676"/>
  <testcase name="testPetTypeEndpoint()" classname="PetTypeResourceTest" time="0.025"/>
  <testcase name="testPetTypeUpdateEndpoint()" classname="PetTypeResourceTest" time="0.04"/>
  <system-out><![CDATA[]]></system-out>
  <system-err><![CDATA[]]></system-err>
</testsuite>
